  [1m[35m (115.2ms)[0m  [1m[35mCREATE TABLE "schema_migrations" ("version" character varying NOT NULL PRIMARY KEY)[0m
  [1m[35m (4.6ms)[0m  [1m[35mCREATE TABLE "ar_internal_metadata" ("key" character varying NOT NULL PRIMARY KEY, "value" character varying, "created_at" timestamp NOT NULL, "updated_at" timestamp NOT NULL)[0m
  [1m[35m (17.7ms)[0m  [1m[34mSELECT pg_try_advisory_lock(4762635147840476445)[0m
  [1m[35m (1.1ms)[0m  [1m[34mSELECT "schema_migrations"."version" FROM "schema_migrations" ORDER BY "schema_migrations"."version" ASC[0m
Migrating to CreateUsers (20190123232331)
  [1m[35m (0.3ms)[0m  [1m[35mBEGIN[0m
  [1m[35m (44.5ms)[0m  [1m[35mCREATE TABLE "users" ("id" bigserial primary key, "email" character varying NOT NULL, "created_at" timestamp NOT NULL, "updated_at" timestamp NOT NULL)[0m
  [1m[35m (1.6ms)[0m  [1m[31mROLLBACK[0m
  [1m[35m (0.4ms)[0m  [1m[34mSELECT pg_advisory_unlock(4762635147840476445)[0m
  [1m[35m (0.3ms)[0m  [1m[34mSELECT pg_try_advisory_lock(4762635147840476445)[0m
  [1m[35m (0.9ms)[0m  [1m[34mSELECT "schema_migrations"."version" FROM "schema_migrations" ORDER BY "schema_migrations"."version" ASC[0m
Migrating to CreateUsers (20190123232331)
  [1m[35m (0.2ms)[0m  [1m[35mBEGIN[0m
  [1m[35m (6.1ms)[0m  [1m[35mCREATE TABLE "users" ("id" bigserial primary key, "email" character varying NOT NULL, "created_at" timestamp NOT NULL, "updated_at" timestamp NOT NULL)[0m
  [1m[35m (1.6ms)[0m  [1m[31mROLLBACK[0m
  [1m[35m (0.5ms)[0m  [1m[34mSELECT pg_advisory_unlock(4762635147840476445)[0m
  [1m[35m (0.3ms)[0m  [1m[34mSELECT pg_try_advisory_lock(4762635147840476445)[0m
  [1m[35m (1.0ms)[0m  [1m[34mSELECT "schema_migrations"."version" FROM "schema_migrations" ORDER BY "schema_migrations"."version" ASC[0m
Migrating to CreateUsers (20190123232331)
  [1m[35m (0.2ms)[0m  [1m[35mBEGIN[0m
  [1m[35m (6.1ms)[0m  [1m[35mCREATE TABLE "users" ("id" bigserial primary key, "email" character varying NOT NULL, "created_at" timestamp NOT NULL, "updated_at" timestamp NOT NULL)[0m
  [1m[35m (1.8ms)[0m  [1m[31mROLLBACK[0m
  [1m[35m (0.4ms)[0m  [1m[34mSELECT pg_advisory_unlock(4762635147840476445)[0m
  [1m[35m (0.3ms)[0m  [1m[34mSELECT pg_try_advisory_lock(4762635147840476445)[0m
  [1m[35m (0.9ms)[0m  [1m[34mSELECT "schema_migrations"."version" FROM "schema_migrations" ORDER BY "schema_migrations"."version" ASC[0m
Migrating to CreateUsers (20190123232331)
  [1m[35m (0.3ms)[0m  [1m[35mBEGIN[0m
  [1m[35m (57.9ms)[0m  [1m[35mCREATE TABLE "users" ("id" bigserial primary key, "email" character varying NOT NULL, "created_at" timestamp NOT NULL, "updated_at" timestamp NOT NULL)[0m
  [1m[35m (17.3ms)[0m  [1m[35mCREATE UNIQUE INDEX  "index_users_on_email" ON "users"  ("email")[0m
  [1m[35mSQL (0.6ms)[0m  [1m[32mINSERT INTO "schema_migrations" ("version") VALUES ($1) RETURNING "version"[0m  [["version", "20190123232331"]]
  [1m[35m (0.9ms)[0m  [1m[35mCOMMIT[0m
  [1m[36mActiveRecord::InternalMetadata Load (12.6ms)[0m  [1m[34mSELECT  "ar_internal_metadata".* FROM "ar_internal_metadata" WHERE "ar_internal_metadata"."key" = $1 LIMIT $2[0m  [["key", "environment"], ["LIMIT", 1]]
  [1m[35m (0.2ms)[0m  [1m[35mBEGIN[0m
  [1m[35mSQL (0.5ms)[0m  [1m[32mINSERT INTO "ar_internal_metadata" ("key", "value", "created_at", "updated_at") VALUES ($1, $2, $3, $4) RETURNING "key"[0m  [["key", "environment"], ["value", "development"], ["created_at", "2019-01-24 00:07:26.942670"], ["updated_at", "2019-01-24 00:07:26.942670"]]
  [1m[35m (0.5ms)[0m  [1m[35mCOMMIT[0m
  [1m[35m (0.3ms)[0m  [1m[34mSELECT pg_advisory_unlock(4762635147840476445)[0m
  [1m[35m (0.3ms)[0m  [1m[34mSELECT "schema_migrations"."version" FROM "schema_migrations" ORDER BY "schema_migrations"."version" ASC[0m
  [1m[35m (0.9ms)[0m  [1m[34mSELECT "schema_migrations"."version" FROM "schema_migrations" ORDER BY "schema_migrations"."version" ASC[0m
  [1m[35m (0.3ms)[0m  [1m[35mBEGIN[0m
  [1m[36mUser Exists (20.2ms)[0m  [1m[34mSELECT  1 AS one FROM "users" WHERE "users"."email" IS NULL LIMIT $1[0m  [["LIMIT", 1]]
  [1m[35m (0.3ms)[0m  [1m[31mROLLBACK[0m
  [1m[35m (0.2ms)[0m  [1m[35mBEGIN[0m
  [1m[36mUser Exists (0.6ms)[0m  [1m[34mSELECT  1 AS one FROM "users" WHERE "users"."email" IS NULL LIMIT $1[0m  [["LIMIT", 1]]
  [1m[35m (0.3ms)[0m  [1m[31mROLLBACK[0m
  [1m[35m (1.0ms)[0m  [1m[34mSELECT "schema_migrations"."version" FROM "schema_migrations" ORDER BY "schema_migrations"."version" ASC[0m
  [1m[35m (0.3ms)[0m  [1m[34mSELECT pg_try_advisory_lock(4762635147840476445)[0m
  [1m[35m (1.0ms)[0m  [1m[34mSELECT "schema_migrations"."version" FROM "schema_migrations" ORDER BY "schema_migrations"."version" ASC[0m
Migrating to CreateShortenedUrls (20190124001126)
  [1m[35m (0.3ms)[0m  [1m[35mBEGIN[0m
  [1m[35m (6.7ms)[0m  [1m[35mCREATE TABLE "shortened_urls" ("id" bigserial primary key, "long_url" character varying NOT NULL, "short_url" character varying NOT NULL, "user_id" integer NOT NULL, "created_at" timestamp NOT NULL, "updated_at" timestamp NOT NULL)[0m
  [1m[35m (1.5ms)[0m  [1m[31mROLLBACK[0m
  [1m[35m (0.3ms)[0m  [1m[34mSELECT pg_advisory_unlock(4762635147840476445)[0m
  [1m[35m (0.3ms)[0m  [1m[34mSELECT pg_try_advisory_lock(4762635147840476445)[0m
  [1m[35m (1.0ms)[0m  [1m[34mSELECT "schema_migrations"."version" FROM "schema_migrations" ORDER BY "schema_migrations"."version" ASC[0m
Migrating to CreateShortenedUrls (20190124001126)
  [1m[35m (0.2ms)[0m  [1m[35mBEGIN[0m
  [1m[35m (19.0ms)[0m  [1m[35mCREATE TABLE "shortened_urls" ("id" bigserial primary key, "long_url" character varying NOT NULL, "short_url" character varying NOT NULL, "user_id" integer NOT NULL, "created_at" timestamp NOT NULL, "updated_at" timestamp NOT NULL)[0m
  [1m[35m (1.3ms)[0m  [1m[35mCREATE UNIQUE INDEX  "index_shortened_urls_on_short_url" ON "shortened_urls"  ("short_url")[0m
  [1m[35mSQL (0.5ms)[0m  [1m[32mINSERT INTO "schema_migrations" ("version") VALUES ($1) RETURNING "version"[0m  [["version", "20190124001126"]]
  [1m[35m (0.8ms)[0m  [1m[35mCOMMIT[0m
  [1m[36mActiveRecord::InternalMetadata Load (0.6ms)[0m  [1m[34mSELECT  "ar_internal_metadata".* FROM "ar_internal_metadata" WHERE "ar_internal_metadata"."key" = $1 LIMIT $2[0m  [["key", "environment"], ["LIMIT", 1]]
  [1m[35m (0.2ms)[0m  [1m[35mBEGIN[0m
  [1m[35m (0.2ms)[0m  [1m[35mCOMMIT[0m
  [1m[35m (0.3ms)[0m  [1m[34mSELECT pg_advisory_unlock(4762635147840476445)[0m
  [1m[35m (0.3ms)[0m  [1m[34mSELECT "schema_migrations"."version" FROM "schema_migrations" ORDER BY "schema_migrations"."version" ASC[0m
  [1m[35m (1.0ms)[0m  [1m[34mSELECT "schema_migrations"."version" FROM "schema_migrations" ORDER BY "schema_migrations"."version" ASC[0m
  [1m[35m (0.2ms)[0m  [1m[35mBEGIN[0m
  [1m[36mUser Exists (0.8ms)[0m  [1m[34mSELECT  1 AS one FROM "users" WHERE "users"."email" IS NULL LIMIT $1[0m  [["LIMIT", 1]]
  [1m[35m (0.3ms)[0m  [1m[31mROLLBACK[0m
  [1m[35m (0.2ms)[0m  [1m[35mBEGIN[0m
  [1m[36mUser Exists (0.6ms)[0m  [1m[34mSELECT  1 AS one FROM "users" WHERE "users"."email" IS NULL LIMIT $1[0m  [["LIMIT", 1]]
  [1m[35m (0.3ms)[0m  [1m[31mROLLBACK[0m
  [1m[35m (0.2ms)[0m  [1m[35mBEGIN[0m
  [1m[36mUser Exists (1.4ms)[0m  [1m[34mSELECT  1 AS one FROM "users" WHERE "users"."email" = $1 LIMIT $2[0m  [["email", "hello@gmail.com"], ["LIMIT", 1]]
  [1m[35mSQL (1.3ms)[0m  [1m[32mINSERT INTO "users" ("email", "created_at", "updated_at") VALUES ($1, $2, $3) RETURNING "id"[0m  [["email", "hello@gmail.com"], ["created_at", "2019-01-24 00:54:13.661133"], ["updated_at", "2019-01-24 00:54:13.661133"]]
  [1m[35m (1.0ms)[0m  [1m[35mCOMMIT[0m
  [1m[36mUser Load (0.4ms)[0m  [1m[34mSELECT  "users".* FROM "users" ORDER BY "users"."id" ASC LIMIT $1[0m  [["LIMIT", 1]]
  [1m[36mShortenedUrl Exists (53.9ms)[0m  [1m[34mSELECT  1 AS one FROM "shortened_urls" WHERE "shortened_urls"."id" = $1 LIMIT $2[0m  [["id", 0], ["LIMIT", 1]]
  [1m[36mShortenedUrl Exists (0.4ms)[0m  [1m[34mSELECT  1 AS one FROM "shortened_urls" WHERE "shortened_urls"."id" = $1 LIMIT $2[0m  [["id", 0], ["LIMIT", 1]]
  [1m[35m (0.2ms)[0m  [1m[35mBEGIN[0m
  [1m[36mUser Load (0.4ms)[0m  [1m[34mSELECT  "users".* FROM "users" WHERE "users"."id" = $1 LIMIT $2[0m  [["id", 1], ["LIMIT", 1]]
  [1m[35mSQL (1.3ms)[0m  [1m[32mINSERT INTO "shortened_urls" ("long_url", "short_url", "user_id", "created_at", "updated_at") VALUES ($1, $2, $3, $4, $5) RETURNING "id"[0m  [["long_url", "halajsldksadaa.dasklda"], ["short_url", "irpg_vbjiUog-0AbhtfPDw"], ["user_id", 1], ["created_at", "2019-01-24 00:59:43.882262"], ["updated_at", "2019-01-24 00:59:43.882262"]]
  [1m[35m (0.6ms)[0m  [1m[35mCOMMIT[0m
  [1m[36mShortenedUrl Load (0.5ms)[0m  [1m[34mSELECT "shortened_urls".* FROM "shortened_urls"[0m
  [1m[36mUser Load (0.5ms)[0m  [1m[34mSELECT  "users".* FROM "users" ORDER BY "users"."id" ASC LIMIT $1[0m  [["LIMIT", 1]]
  [1m[36mShortenedUrl Load (0.3ms)[0m  [1m[34mSELECT "shortened_urls".* FROM "shortened_urls" WHERE "shortened_urls"."user_id" = $1[0m  [["user_id", 1]]
  [1m[35m (0.2ms)[0m  [1m[35mBEGIN[0m
  [1m[36mUser Exists (0.6ms)[0m  [1m[34mSELECT  1 AS one FROM "users" WHERE "users"."email" = $1 LIMIT $2[0m  [["email", "bye@gmail.com"], ["LIMIT", 1]]
  [1m[35mSQL (0.6ms)[0m  [1m[32mINSERT INTO "users" ("email", "created_at", "updated_at") VALUES ($1, $2, $3) RETURNING "id"[0m  [["email", "bye@gmail.com"], ["created_at", "2019-01-24 01:01:27.614776"], ["updated_at", "2019-01-24 01:01:27.614776"]]
  [1m[35m (0.6ms)[0m  [1m[35mCOMMIT[0m
  [1m[36mUser Load (0.4ms)[0m  [1m[34mSELECT  "users".* FROM "users" ORDER BY "users"."id" ASC LIMIT $1 OFFSET $2[0m  [["LIMIT", 1], ["OFFSET", 1]]
  [1m[36mShortenedUrl Exists (0.4ms)[0m  [1m[34mSELECT  1 AS one FROM "shortened_urls" WHERE "shortened_urls"."id" = $1 LIMIT $2[0m  [["id", 0], ["LIMIT", 1]]
  [1m[35m (0.2ms)[0m  [1m[35mBEGIN[0m
  [1m[36mUser Load (0.5ms)[0m  [1m[34mSELECT  "users".* FROM "users" WHERE "users"."id" = $1 LIMIT $2[0m  [["id", 2], ["LIMIT", 1]]
  [1m[35mSQL (0.6ms)[0m  [1m[32mINSERT INTO "shortened_urls" ("long_url", "short_url", "user_id", "created_at", "updated_at") VALUES ($1, $2, $3, $4, $5) RETURNING "id"[0m  [["long_url", "fjkldsfjads"], ["short_url", "NMZv0YMUDmSI9YpfFizycw"], ["user_id", 2], ["created_at", "2019-01-24 01:02:17.005304"], ["updated_at", "2019-01-24 01:02:17.005304"]]
  [1m[35m (0.5ms)[0m  [1m[35mCOMMIT[0m
  [1m[36mShortenedUrl Load (0.5ms)[0m  [1m[34mSELECT "shortened_urls".* FROM "shortened_urls"[0m
  [1m[36mShortenedUrl Load (0.4ms)[0m  [1m[34mSELECT  "shortened_urls".* FROM "shortened_urls" ORDER BY "shortened_urls"."id" ASC LIMIT $1 OFFSET $2[0m  [["LIMIT", 1], ["OFFSET", 1]]
  [1m[36mShortenedUrl Load (0.5ms)[0m  [1m[34mSELECT "shortened_urls".* FROM "shortened_urls" WHERE "shortened_urls"."user_id" = $1[0m  [["user_id", 2]]
  [1m[36mUser Load (0.6ms)[0m  [1m[34mSELECT  "users".* FROM "users" WHERE "users"."id" = $1 LIMIT $2[0m  [["id", 2], ["LIMIT", 1]]
  [1m[36mUser Load (0.8ms)[0m  [1m[34mSELECT "users".* FROM "users"[0m
  [1m[35m (0.3ms)[0m  [1m[34mSELECT pg_try_advisory_lock(4762635147840476445)[0m
  [1m[35m (1.1ms)[0m  [1m[34mSELECT "schema_migrations"."version" FROM "schema_migrations" ORDER BY "schema_migrations"."version" ASC[0m
Migrating to CreateVisits (20190124010606)
  [1m[35m (0.3ms)[0m  [1m[35mBEGIN[0m
  [1m[35m (20.5ms)[0m  [1m[35mCREATE TABLE "visits" ("id" bigserial primary key, "short_url_id" integer NOT NULL, "user_id" integer NOT NULL, "created_at" timestamp NOT NULL, "updated_at" timestamp NOT NULL)[0m
  [1m[35m (2.4ms)[0m  [1m[35mCREATE  INDEX  "index_short_url_id_on_user_id" ON "short_url_id"  ("user_id")[0m
  [1m[35m (0.2ms)[0m  [1m[31mROLLBACK[0m
  [1m[35m (0.3ms)[0m  [1m[34mSELECT pg_advisory_unlock(4762635147840476445)[0m
  [1m[35m (1.0ms)[0m  [1m[34mSELECT "schema_migrations"."version" FROM "schema_migrations" ORDER BY "schema_migrations"."version" ASC[0m
  [1m[35m (0.3ms)[0m  [1m[34mSELECT pg_try_advisory_lock(4762635147840476445)[0m
  [1m[35m (1.0ms)[0m  [1m[34mSELECT "schema_migrations"."version" FROM "schema_migrations" ORDER BY "schema_migrations"."version" ASC[0m
Migrating to CreateVisits (20190124010606)
  [1m[35m (0.2ms)[0m  [1m[35mBEGIN[0m
  [1m[35m (0.2ms)[0m  [1m[31mROLLBACK[0m
  [1m[35m (0.3ms)[0m  [1m[34mSELECT pg_advisory_unlock(4762635147840476445)[0m
  [1m[35m (0.3ms)[0m  [1m[34mSELECT pg_try_advisory_lock(4762635147840476445)[0m
  [1m[35m (1.0ms)[0m  [1m[34mSELECT "schema_migrations"."version" FROM "schema_migrations" ORDER BY "schema_migrations"."version" ASC[0m
Migrating to CreateVisits (20190124010606)
  [1m[35m (0.2ms)[0m  [1m[35mBEGIN[0m
  [1m[35m (10.3ms)[0m  [1m[35mCREATE TABLE "visits" ("id" bigserial primary key, "short_url" character varying NOT NULL, "user_id" integer NOT NULL, "created_at" timestamp NOT NULL, "updated_at" timestamp NOT NULL)[0m
  [1m[35m (2.8ms)[0m  [1m[35mCREATE  INDEX  "index_short_url_id_on_user_id" ON "short_url_id"  ("user_id")[0m
  [1m[35m (0.2ms)[0m  [1m[31mROLLBACK[0m
  [1m[35m (0.4ms)[0m  [1m[34mSELECT pg_advisory_unlock(4762635147840476445)[0m
  [1m[35m (1.0ms)[0m  [1m[34mSELECT "schema_migrations"."version" FROM "schema_migrations" ORDER BY "schema_migrations"."version" ASC[0m
  [1m[35m (0.3ms)[0m  [1m[34mSELECT pg_try_advisory_lock(4762635147840476445)[0m
  [1m[35m (1.1ms)[0m  [1m[34mSELECT "schema_migrations"."version" FROM "schema_migrations" ORDER BY "schema_migrations"."version" ASC[0m
Migrating to CreateVisits (20190124010606)
  [1m[35m (0.2ms)[0m  [1m[35mBEGIN[0m
  [1m[35m (23.0ms)[0m  [1m[35mCREATE TABLE "visits" ("id" bigserial primary key, "short_url" character varying NOT NULL, "user_id" integer NOT NULL, "created_at" timestamp NOT NULL, "updated_at" timestamp NOT NULL)[0m
  [1m[35m (42.7ms)[0m  [1m[35mCREATE  INDEX  "index_short_url_on_user_id" ON "short_url"  ("user_id")[0m
  [1m[35m (0.2ms)[0m  [1m[31mROLLBACK[0m
  [1m[35m (0.3ms)[0m  [1m[34mSELECT pg_advisory_unlock(4762635147840476445)[0m
  [1m[35m (1.0ms)[0m  [1m[34mSELECT "schema_migrations"."version" FROM "schema_migrations" ORDER BY "schema_migrations"."version" ASC[0m
  [1m[35m (0.8ms)[0m  [1m[34mSELECT pg_try_advisory_lock(4762635147840476445)[0m
  [1m[35m (1.3ms)[0m  [1m[34mSELECT "schema_migrations"."version" FROM "schema_migrations" ORDER BY "schema_migrations"."version" ASC[0m
Migrating to CreateVisits (20190124010606)
  [1m[35m (0.3ms)[0m  [1m[35mBEGIN[0m
  [1m[35m (23.2ms)[0m  [1m[35mCREATE TABLE "visits" ("id" bigserial primary key, "short_url" character varying NOT NULL, "user_id" integer NOT NULL, "created_at" timestamp NOT NULL, "updated_at" timestamp NOT NULL)[0m
  [1m[35m (1.5ms)[0m  [1m[35mCREATE  INDEX  "index_visits_on_short_url" ON "visits"  ("short_url")[0m
  [1m[35m (1.2ms)[0m  [1m[35mCREATE  INDEX  "index_visits_on_user_id" ON "visits"  ("user_id")[0m
  [1m[35mSQL (0.5ms)[0m  [1m[32mINSERT INTO "schema_migrations" ("version") VALUES ($1) RETURNING "version"[0m  [["version", "20190124010606"]]
  [1m[35m (0.6ms)[0m  [1m[35mCOMMIT[0m
Migrating to UpdateShortUrl (20190124012133)
  [1m[35m (0.4ms)[0m  [1m[35mBEGIN[0m
  [1m[35mSQL (0.4ms)[0m  [1m[32mINSERT INTO "schema_migrations" ("version") VALUES ($1) RETURNING "version"[0m  [["version", "20190124012133"]]
  [1m[35m (0.5ms)[0m  [1m[35mCOMMIT[0m
  [1m[36mActiveRecord::InternalMetadata Load (0.6ms)[0m  [1m[34mSELECT  "ar_internal_metadata".* FROM "ar_internal_metadata" WHERE "ar_internal_metadata"."key" = $1 LIMIT $2[0m  [["key", "environment"], ["LIMIT", 1]]
  [1m[35m (0.2ms)[0m  [1m[35mBEGIN[0m
  [1m[35m (0.1ms)[0m  [1m[35mCOMMIT[0m
  [1m[35m (0.3ms)[0m  [1m[34mSELECT pg_advisory_unlock(4762635147840476445)[0m
  [1m[35m (0.3ms)[0m  [1m[34mSELECT "schema_migrations"."version" FROM "schema_migrations" ORDER BY "schema_migrations"."version" ASC[0m
  [1m[35m (1.1ms)[0m  [1m[34mSELECT "schema_migrations"."version" FROM "schema_migrations" ORDER BY "schema_migrations"."version" ASC[0m
  [1m[35m (1.2ms)[0m  [1m[34mSELECT "schema_migrations"."version" FROM "schema_migrations" ORDER BY "schema_migrations"."version" ASC[0m
